20:24:39.645 [main] ERROR c.p.s.app.VoucherApplication - Accessing file system's columns out of bound.
com.prgrms.springbootbasic.common.exception.FileFormatException: Accessing file system's columns out of bound.
	at com.prgrms.springbootbasic.voucher.storage.FileVoucherStorage.validSize(FileVoucherStorage.java:128)
	at com.prgrms.springbootbasic.voucher.storage.FileVoucherStorage.mapToVoucher(FileVoucherStorage.java:108)
	at java.base/java.util.stream.ReferencePipeline$3$1.accept(ReferencePipeline.java:197)
	at java.base/java.nio.file.FileChannelLinesSpliterator.forEachRemaining(FileChannelLinesSpliterator.java:117)
	at java.base/java.util.stream.AbstractPipeline.copyInto(AbstractPipeline.java:484)
	at java.base/java.util.stream.AbstractPipeline.wrapAndCopyInto(AbstractPipeline.java:474)
	at java.base/java.util.stream.ReduceOps$ReduceOp.evaluateSequential(ReduceOps.java:913)
	at java.base/java.util.stream.AbstractPipeline.evaluate(AbstractPipeline.java:234)
	at java.base/java.util.stream.ReferencePipeline.collect(ReferencePipeline.java:682)
	at com.prgrms.springbootbasic.voucher.storage.FileVoucherStorage.readAll(FileVoucherStorage.java:99)
	at com.prgrms.springbootbasic.voucher.storage.FileVoucherStorage.findAll(FileVoucherStorage.java:58)
	at com.prgrms.springbootbasic.voucher.VoucherManager.list(VoucherManager.java:31)
	at com.prgrms.springbootbasic.app.VoucherApplication.list(VoucherApplication.java:85)
	at com.prgrms.springbootbasic.app.VoucherApplication.controlMenu(VoucherApplication.java:59)
	at com.prgrms.springbootbasic.app.VoucherApplication.getCommand(VoucherApplication.java:49)
	at com.prgrms.springbootbasic.app.VoucherApplication.runLifecycle(VoucherApplication.java:40)
	at com.prgrms.springbootbasic.SpringbootBasicApplication.main(SpringbootBasicApplication.java:13)
20:25:37.082 [main] ERROR c.p.s.app.VoucherApplication - Accessing file system's columns out of bound.
com.prgrms.springbootbasic.common.exception.FileFormatException: Accessing file system's columns out of bound.
	at com.prgrms.springbootbasic.voucher.storage.FileVoucherStorage.validSize(FileVoucherStorage.java:128)
	at com.prgrms.springbootbasic.voucher.storage.FileVoucherStorage.mapToVoucher(FileVoucherStorage.java:108)
	at java.base/java.util.stream.ReferencePipeline$3$1.accept(ReferencePipeline.java:197)
	at java.base/java.nio.file.FileChannelLinesSpliterator.forEachRemaining(FileChannelLinesSpliterator.java:117)
	at java.base/java.util.stream.AbstractPipeline.copyInto(AbstractPipeline.java:484)
	at java.base/java.util.stream.AbstractPipeline.wrapAndCopyInto(AbstractPipeline.java:474)
	at java.base/java.util.stream.ReduceOps$ReduceOp.evaluateSequential(ReduceOps.java:913)
	at java.base/java.util.stream.AbstractPipeline.evaluate(AbstractPipeline.java:234)
	at java.base/java.util.stream.ReferencePipeline.collect(ReferencePipeline.java:682)
	at com.prgrms.springbootbasic.voucher.storage.FileVoucherStorage.readAll(FileVoucherStorage.java:99)
	at com.prgrms.springbootbasic.voucher.storage.FileVoucherStorage.findAll(FileVoucherStorage.java:58)
	at com.prgrms.springbootbasic.voucher.VoucherManager.list(VoucherManager.java:31)
	at com.prgrms.springbootbasic.app.VoucherApplication.list(VoucherApplication.java:85)
	at com.prgrms.springbootbasic.app.VoucherApplication.controlMenu(VoucherApplication.java:59)
	at com.prgrms.springbootbasic.app.VoucherApplication.getCommand(VoucherApplication.java:49)
	at com.prgrms.springbootbasic.app.VoucherApplication.runLifecycle(VoucherApplication.java:40)
	at com.prgrms.springbootbasic.SpringbootBasicApplication.main(SpringbootBasicApplication.java:13)
20:26:12.376 [main] ERROR c.p.s.app.VoucherApplication - Accessing file system's columns out of bound.
com.prgrms.springbootbasic.common.exception.FileFormatException: Accessing file system's columns out of bound.
	at com.prgrms.springbootbasic.voucher.storage.FileVoucherStorage.validSize(FileVoucherStorage.java:128)
	at com.prgrms.springbootbasic.voucher.storage.FileVoucherStorage.mapToVoucher(FileVoucherStorage.java:108)
	at java.base/java.util.stream.ReferencePipeline$3$1.accept(ReferencePipeline.java:197)
	at java.base/java.nio.file.FileChannelLinesSpliterator.forEachRemaining(FileChannelLinesSpliterator.java:117)
	at java.base/java.util.stream.AbstractPipeline.copyInto(AbstractPipeline.java:484)
	at java.base/java.util.stream.AbstractPipeline.wrapAndCopyInto(AbstractPipeline.java:474)
	at java.base/java.util.stream.ReduceOps$ReduceOp.evaluateSequential(ReduceOps.java:913)
	at java.base/java.util.stream.AbstractPipeline.evaluate(AbstractPipeline.java:234)
	at java.base/java.util.stream.ReferencePipeline.collect(ReferencePipeline.java:682)
	at com.prgrms.springbootbasic.voucher.storage.FileVoucherStorage.readAll(FileVoucherStorage.java:99)
	at com.prgrms.springbootbasic.voucher.storage.FileVoucherStorage.findAll(FileVoucherStorage.java:58)
	at com.prgrms.springbootbasic.voucher.VoucherManager.list(VoucherManager.java:31)
	at com.prgrms.springbootbasic.app.VoucherApplication.list(VoucherApplication.java:85)
	at com.prgrms.springbootbasic.app.VoucherApplication.controlMenu(VoucherApplication.java:59)
	at com.prgrms.springbootbasic.app.VoucherApplication.getCommand(VoucherApplication.java:49)
	at com.prgrms.springbootbasic.app.VoucherApplication.runLifecycle(VoucherApplication.java:40)
	at com.prgrms.springbootbasic.SpringbootBasicApplication.main(SpringbootBasicApplication.java:13)
20:28:08.454 [main] ERROR c.p.s.app.VoucherApplication - Accessing file system's columns out of bound.
com.prgrms.springbootbasic.common.exception.FileFormatException: Accessing file system's columns out of bound.
	at com.prgrms.springbootbasic.voucher.storage.FileVoucherStorage.validSize(FileVoucherStorage.java:129)
	at com.prgrms.springbootbasic.voucher.storage.FileVoucherStorage.mapToVoucher(FileVoucherStorage.java:109)
	at java.base/java.util.stream.ReferencePipeline$3$1.accept(ReferencePipeline.java:197)
	at java.base/java.nio.file.FileChannelLinesSpliterator.forEachRemaining(FileChannelLinesSpliterator.java:117)
	at java.base/java.util.stream.AbstractPipeline.copyInto(AbstractPipeline.java:484)
	at java.base/java.util.stream.AbstractPipeline.wrapAndCopyInto(AbstractPipeline.java:474)
	at java.base/java.util.stream.ReduceOps$ReduceOp.evaluateSequential(ReduceOps.java:913)
	at java.base/java.util.stream.AbstractPipeline.evaluate(AbstractPipeline.java:234)
	at java.base/java.util.stream.ReferencePipeline.collect(ReferencePipeline.java:682)
	at com.prgrms.springbootbasic.voucher.storage.FileVoucherStorage.readAll(FileVoucherStorage.java:99)
	at com.prgrms.springbootbasic.voucher.storage.FileVoucherStorage.findAll(FileVoucherStorage.java:58)
	at com.prgrms.springbootbasic.voucher.VoucherManager.list(VoucherManager.java:31)
	at com.prgrms.springbootbasic.app.VoucherApplication.list(VoucherApplication.java:85)
	at com.prgrms.springbootbasic.app.VoucherApplication.controlMenu(VoucherApplication.java:59)
	at com.prgrms.springbootbasic.app.VoucherApplication.getCommand(VoucherApplication.java:49)
	at com.prgrms.springbootbasic.app.VoucherApplication.runLifecycle(VoucherApplication.java:40)
	at com.prgrms.springbootbasic.SpringbootBasicApplication.main(SpringbootBasicApplication.java:13)
20:28:32.036 [main] ERROR c.p.s.app.VoucherApplication - Accessing file system's columns out of bound.
com.prgrms.springbootbasic.common.exception.FileFormatException: Accessing file system's columns out of bound.
	at com.prgrms.springbootbasic.voucher.storage.FileVoucherStorage.validSize(FileVoucherStorage.java:129)
	at com.prgrms.springbootbasic.voucher.storage.FileVoucherStorage.mapToVoucher(FileVoucherStorage.java:109)
	at java.base/java.util.stream.ReferencePipeline$3$1.accept(ReferencePipeline.java:197)
	at java.base/java.nio.file.FileChannelLinesSpliterator.forEachRemaining(FileChannelLinesSpliterator.java:117)
	at java.base/java.util.stream.AbstractPipeline.copyInto(AbstractPipeline.java:484)
	at java.base/java.util.stream.AbstractPipeline.wrapAndCopyInto(AbstractPipeline.java:474)
	at java.base/java.util.stream.ReduceOps$ReduceOp.evaluateSequential(ReduceOps.java:913)
	at java.base/java.util.stream.AbstractPipeline.evaluate(AbstractPipeline.java:234)
	at java.base/java.util.stream.ReferencePipeline.collect(ReferencePipeline.java:682)
	at com.prgrms.springbootbasic.voucher.storage.FileVoucherStorage.readAll(FileVoucherStorage.java:99)
	at com.prgrms.springbootbasic.voucher.storage.FileVoucherStorage.findAll(FileVoucherStorage.java:58)
	at com.prgrms.springbootbasic.voucher.VoucherManager.list(VoucherManager.java:31)
	at com.prgrms.springbootbasic.app.VoucherApplication.list(VoucherApplication.java:85)
	at com.prgrms.springbootbasic.app.VoucherApplication.controlMenu(VoucherApplication.java:59)
	at com.prgrms.springbootbasic.app.VoucherApplication.getCommand(VoucherApplication.java:49)
	at com.prgrms.springbootbasic.app.VoucherApplication.runLifecycle(VoucherApplication.java:40)
	at com.prgrms.springbootbasic.SpringbootBasicApplication.main(SpringbootBasicApplication.java:13)
