21:21:29.820 [main] ERROR o.p.voucher.VoucherCommandLineRunner - message: The command dddcould not be found. Please re-enter
org.prgrms.exception.NoSuchMenuTypeException: The command dddcould not be found. Please re-enter
	at org.prgrms.voucher.MenuType.lambda$of$1(MenuType.java:22)
	at java.base/java.util.Optional.orElseThrow(Optional.java:403)
	at org.prgrms.voucher.MenuType.of(MenuType.java:22)
	at org.prgrms.voucher.VoucherCommandLineRunner.execute(VoucherCommandLineRunner.java:58)
	at org.prgrms.voucher.VoucherCommandLineRunner.run(VoucherCommandLineRunner.java:46)
	at org.springframework.boot.SpringApplication.callRunner(SpringApplication.java:771)
	at org.springframework.boot.SpringApplication.callRunners(SpringApplication.java:755)
	at org.springframework.boot.SpringApplication.run(SpringApplication.java:315)
	at org.springframework.boot.SpringApplication.run(SpringApplication.java:1306)
	at org.springframework.boot.SpringApplication.run(SpringApplication.java:1295)
	at org.prgrms.Application.main(Application.java:10)
21:21:32.186 [main] WARN  o.p.voucher.VoucherCommandLineRunner - message: Only numbers can be entered. *current input value: ddd
java.lang.RuntimeException: Only numbers can be entered. *current input value: ddd
	at org.prgrms.console.Validator.parseNum(Validator.java:9)
	at org.prgrms.voucher.VoucherCommandLineRunner.enteredVoucherType(VoucherCommandLineRunner.java:109)
	at org.prgrms.voucher.VoucherCommandLineRunner.createVoucher(VoucherCommandLineRunner.java:94)
	at org.prgrms.voucher.VoucherCommandLineRunner.execute(VoucherCommandLineRunner.java:67)
	at org.prgrms.voucher.VoucherCommandLineRunner.run(VoucherCommandLineRunner.java:46)
	at org.springframework.boot.SpringApplication.callRunner(SpringApplication.java:771)
	at org.springframework.boot.SpringApplication.callRunners(SpringApplication.java:755)
	at org.springframework.boot.SpringApplication.run(SpringApplication.java:315)
	at org.springframework.boot.SpringApplication.run(SpringApplication.java:1306)
	at org.springframework.boot.SpringApplication.run(SpringApplication.java:1295)
	at org.prgrms.Application.main(Application.java:10)
21:21:33.058 [main] WARN  o.p.voucher.VoucherCommandLineRunner - message: number ' 333 ' does not exist. Please re-enter
org.prgrms.exception.NoSuchVoucherTypeException: number ' 333 ' does not exist. Please re-enter
	at org.prgrms.voucher.voucherType.VoucherType.lambda$of$1(VoucherType.java:34)
	at java.base/java.util.Optional.orElseThrow(Optional.java:403)
	at org.prgrms.voucher.voucherType.VoucherType.of(VoucherType.java:34)
	at org.prgrms.voucher.VoucherCommandLineRunner.enteredVoucherType(VoucherCommandLineRunner.java:110)
	at org.prgrms.voucher.VoucherCommandLineRunner.createVoucher(VoucherCommandLineRunner.java:94)
	at org.prgrms.voucher.VoucherCommandLineRunner.execute(VoucherCommandLineRunner.java:67)
	at org.prgrms.voucher.VoucherCommandLineRunner.run(VoucherCommandLineRunner.java:46)
	at org.springframework.boot.SpringApplication.callRunner(SpringApplication.java:771)
	at org.springframework.boot.SpringApplication.callRunners(SpringApplication.java:755)
	at org.springframework.boot.SpringApplication.run(SpringApplication.java:315)
	at org.springframework.boot.SpringApplication.run(SpringApplication.java:1306)
	at org.springframework.boot.SpringApplication.run(SpringApplication.java:1295)
	at org.prgrms.Application.main(Application.java:10)
